+ ld obj/kern/kernel
+ mk obj/kern/kernel.img
6828 decimal is 15254 octal!
Physical memory: 66556K available, base = 640K, extended = 65532K
check_page_alloc() succeeded!
check_page() succeeded!
check_kern_pgdir() succeeded!
check_page_installed_pgdir() succeeded!
SMP: CPU 0 found 4 CPU(s)
enabled interrupts: 1 2
SMP: CPU 1 starting
SMP: CPU 2 starting
SMP: CPU 3 starting
[00000000] new env 00001000
[00001000] new env 00001001
CPU 0: 2 [00001001] new env 00001002
CPU 0: 3 [00001002] new env 00001003
CPU 0: 5 [00001003] new env 00001004
CPU 0: 7 [00001004] new env 00001005
CPU 2: 11 [00001005] new env 00001006
CPU 1: 13 [00001006] new env 00001007
CPU 0: 17 [00001007] new env 00001008
CPU 2: 19 [00001008] new env 00001009
CPU 1: 23 [00001009] new env 0000100a
CPU 1: 29 [0000100a] new env 0000100b
CPU 1: 31 [0000100b] new env 0000100c
CPU 0: 37 [0000100c] new env 0000100d
CPU 0: 41 [0000100d] new env 0000100e
CPU 0: 43 [0000100e] new env 0000100f
CPU 1: 47 [0000100f] new env 00001010
CPU 0: 53 [00001010] new env 00001011
CPU 0: 59 [00001011] new env 00001012
CPU 1: 61 [00001012] new env 00001013
CPU 0: 67 [00001013] new env 00001014
CPU 0: 71 [00001014] new env 00001015
CPU 0: 73 [00001015] new env 00001016
CPU 3: 79 [00001016] new env 00001017
CPU 0: 83 [00001017] new env 00001018
CPU 0: 89 [00001018] new env 00001019
CPU 2: 97 [00001019] new env 0000101a
CPU 0: 101 [0000101a] new env 0000101b
CPU 0: 103 [0000101b] new env 0000101c
CPU 1: 107 [0000101c] new env 0000101d
CPU 3: 109 [0000101d] new env 0000101e
CPU 0: 113 [0000101e] new env 0000101f
CPU 1: 127 [0000101f] new env 00001020
CPU 0: 131 [00001020] new env 00001021
CPU 0: 137 [00001021] new env 00001022
CPU 0: 139 [00001022] new env 00001023
CPU 2: 149 [00001023] new env 00001024
CPU 2: 151 [00001024] new env 00001025
CPU 0: 157 [00001025] new env 00001026
CPU 0: 163 [00001026] new env 00001027
CPU 0: 167 [00001027] new env 00001028
CPU 0: 173 [00001028] new env 00001029
CPU 0: 179 [00001029] new env 0000102a
CPU 2: 181 [0000102a] new env 0000102b
CPU 2: 191 [0000102b] new env 0000102c
CPU 0: 193 [0000102c] new env 0000102d
CPU 0: 197 [0000102d] new env 0000102e
CPU 2: 199 [0000102e] new env 0000102f
CPU 1: 211 [0000102f] new env 00001030
CPU 0: 223 [00001030] new env 00001031
CPU 0: 227 [00001031] new env 00001032
CPU 0: 229 [00001032] new env 00001033
CPU 1: 233 [00001033] new env 00001034
CPU 0: 239 [00001034] new env 00001035
CPU 2: 241 [00001035] new env 00001036
CPU 2: 251 [00001036] new env 00001037
CPU 0: 257 [00001037] new env 00001038
CPU 0: 263 [00001038] new env 00001039
CPU 0: 269 [00001039] new env 0000103a
CPU 1: 271 [0000103a] new env 0000103b
CPU 0: 277 [0000103b] new env 0000103c
CPU 0: 281 [0000103c] new env 0000103d
CPU 2: 283 [0000103d] new env 0000103e
CPU 0: 293 [0000103e] new env 0000103f
CPU 1: 307 [0000103f] new env 00001040
CPU 1: 311 [00001040] new env 00001041
CPU 2: 313 [00001041] new env 00001042
CPU 0: 317 [00001042] new env 00001043
CPU 2: 331 [00001043] new env 00001044
CPU 1: 337 [00001044] new env 00001045
CPU 0: 347 [00001045] new env 00001046
CPU 1: 349 [00001046] new env 00001047
CPU 0: 353 [00001047] new env 00001048
CPU 0: 359 [00001048] new env 00001049
CPU 0: 367 [00001049] new env 0000104a
CPU 1: 373 [0000104a] new env 0000104b
CPU 2: 379 [0000104b] new env 0000104c
CPU 1: 383 [0000104c] new env 0000104d
CPU 2: 389 [0000104d] new env 0000104e
CPU 2: 397 [0000104e] new env 0000104f
CPU 0: 401 [0000104f] new env 00001050
CPU 2: 409 [00001050] new env 00001051
CPU 2: 419 [00001051] new env 00001052
CPU 2: 421 [00001052] new env 00001053
CPU 1: 431 [00001053] new env 00001054
CPU 0: 433 [00001054] new env 00001055
CPU 1: 439 [00001055] new env 00001056
CPU 0: 443 [00001056] new env 00001057
CPU 2: 449 [00001057] new env 00001058
CPU 0: 457 [00001058] new env 00001059
CPU 0: 461 [00001059] new env 0000105a
CPU 2: 463 [0000105a] new env 0000105b
CPU 2: 467 [0000105b] new env 0000105c
CPU 0: 479 [0000105c] new env 0000105d
CPU 0: 487 [0000105d] new env 0000105e
CPU 1: 491 [0000105e] new env 0000105f
CPU 2: 499 [0000105f] new env 00001060
CPU 2: 503 [00001060] new env 00001061
CPU 0: 509 [00001061] new env 00001062
CPU 0: 521 [00001062] new env 00001063
CPU 2: 523 [00001063] new env 00001064
CPU 0: 541 [00001064] new env 00001065
CPU 0: 547 [00001065] new env 00001066
CPU 2: 557 [00001066] new env 00001067
CPU 2: 563 [00001067] new env 00001068
CPU 2: 569 [00001068] new env 00001069
CPU 1: 571 [00001069] new env 0000106a
CPU 1: 577 [0000106a] new env 0000106b
CPU 3: 587 [0000106b] new env 0000106c
CPU 2: 593 [0000106c] new env 0000106d
CPU 0: 599 [0000106d] new env 0000106e
CPU 3: 601 [0000106e] new env 0000106f
CPU 2: 607 [0000106f] new env 00001070
CPU 0: 613 [00001070] new env 00001071
CPU 0: 617 [00001071] new env 00001072
CPU 2: 619 [00001072] new env 00001073
CPU 3: 631 [00001073] new env 00001074
CPU 1: 641 [00001074] new env 00001075
CPU 2: 643 [00001075] new env 00001076
CPU 2: 647 [00001076] new env 00001077
CPU 0: 653 [00001077] new env 00001078
CPU 2: 659 [00001078] new env 00001079
CPU 2: 661 [00001079] new env 0000107a
CPU 3: 673 [0000107a] new env 0000107b
CPU 1: 677 [0000107b] new env 0000107c
CPU 0: 683 [0000107c] new env 0000107d
CPU 2: 691 [0000107d] new env 0000107e
CPU 0: 701 [0000107e] new env 0000107f
CPU 0: 709 [0000107f] new env 00001080
CPU 3: 719 [00001080] new env 00001081
CPU 0: 727 [00001081] new env 00001082
CPU 0: 733 [00001082] new env 00001083
CPU 0: 739 [00001083] new env 00001084
CPU 1: 743 [00001084] new env 00001085
CPU 0: 751 [00001085] new env 00001086
CPU 0: 757 [00001086] new env 00001087
CPU 1: 761 [00001087] new env 00001088
CPU 0: 769 [00001088] new env 00001089
CPU 1: 773 [00001089] new env 0000108a
CPU 1: 787 [0000108a] new env 0000108b
CPU 0: 797 [0000108b] new env 0000108c
CPU 3: 809 [0000108c] new env 0000108d
CPU 3: 811 [0000108d] new env 0000108e
CPU 2: 821 [0000108e] new env 0000108f
CPU 2: 823 [0000108f] new env 00001090
CPU 2: 827 [00001090] new env 00001091
CPU 1: 829 [00001091] new env 00001092
CPU 2: 839 [00001092] new env 00001093
CPU 2: 853 [00001093] new env 00001094
CPU 2: 857 [00001094] new env 00001095
CPU 1: 859 [00001095] new env 00001096
CPU 2: 863 [00001096] new env 00001097
CPU 2: 877 [00001097] new env 00001098
CPU 2: 881 [00001098] new env 00001099
CPU 2: 883 [00001099] new env 0000109a
CPU 1: 887 [0000109a] new env 0000109b
CPU 0: 907 [0000109b] new env 0000109c
CPU 0: 911 [0000109c] new env 0000109d
CPU 0: 919 [0000109d] new env 0000109e
CPU 0: 929 [0000109e] new env 0000109f
CPU 1: 937 [0000109f] new env 000010a0
CPU 3: 941 [000010a0] new env 000010a1
CPU 0: 947 [000010a1] new env 000010a2
CPU 0: 953 [000010a2] new env 000010a3
CPU 0: 967 [000010a3] new env 000010a4
CPU 1: 971 [000010a4] new env 000010a5
CPU 0: 977 [000010a5] new env 000010a6
CPU 0: 983 [000010a6] new env 000010a7
CPU 0: 991 [000010a7] new env 000010a8
CPU 0: 997 [000010a8] new env 000010a9
CPU 0: 1009 [000010a9] new env 000010aa
CPU 0: 1013 [000010aa] new env 000010ab
CPU 0: 1019 [000010ab] new env 000010ac
CPU 0: 1021 [000010ac] new env 000010ad
CPU 3: 1031 [000010ad] new env 000010ae
CPU 3: 1033 [000010ae] new env 000010af
CPU 3: 1039 [000010af] new env 000010b0
CPU 0: 1049 [000010b0] new env 000010b1
CPU 1: 1051 [000010b1] new env 000010b2
CPU 1: 1061 [000010b2] new env 000010b3
CPU 0: 1063 [000010b3] new env 000010b4
CPU 3: 1069 [000010b4] new env 000010b5
CPU 0: 1087 [000010b5] new env 000010b6
CPU 3: 1091 [000010b6] new env 000010b7
CPU 2: 1093 [000010b7] new env 000010b8
CPU 2: 1097 [000010b8] new env 000010b9
CPU 1: 1103 [000010b9] new env 000010ba
CPU 3: 1109 [000010ba] new env 000010bb
CPU 0: 1117 [000010bb] new env 000010bc
CPU 2: 1123 [000010bc] new env 000010bd
CPU 3: 1129 [000010bd] new env 000010be
CPU 1: 1151 [000010be] new env 000010bf
CPU 2: 1153 [000010bf] new env 000010c0
CPU 2: 1163 [000010c0] new env 000010c1
CPU 1: 1171 [000010c1] new env 000010c2
CPU 2: 1181 [000010c2] new env 000010c3
CPU 3: 1187 [000010c3] new env 000010c4
CPU 2: 1193 [000010c4] new env 000010c5
CPU 2: 1201 [000010c5] new env 000010c6
CPU 0: 1213 [000010c6] new env 000010c7
CPU 3: 1217 [000010c7] new env 000010c8
CPU 1: 1223 [000010c8] new env 000010c9
CPU 1: 1229 [000010c9] new env 000010ca
CPU 0: 1231 [000010ca] new env 000010cb
CPU 3: 1237 [000010cb] new env 000010cc
CPU 3: 1249 [000010cc] new env 000010cd
CPU 3: 1259 [000010cd] new env 000010ce
CPU 0: 1277 [000010ce] new env 000010cf
CPU 0: 1279 [000010cf] new env 000010d0
CPU 0: 1283 [000010d0] new env 000010d1
CPU 2: 1289 [000010d1] new env 000010d2
CPU 0: 1291 [000010d2] new env 000010d3
CPU 2: 1297 [000010d3] new env 000010d4
CPU 0: 1301 [000010d4] new env 000010d5
CPU 1: 1303 [000010d5] new env 000010d6
CPU 3: 1307 [000010d6] new env 000010d7
CPU 3: 1319 [000010d7] new env 000010d8
CPU 2: 1321 [000010d8] new env 000010d9
CPU 3: 1327 [000010d9] new env 000010da
CPU 0: 1361 [000010da] new env 000010db
CPU 2: 1367 [000010db] new env 000010dc
CPU 2: 1373 [000010dc] new env 000010dd
CPU 1: 1381 [000010dd] new env 000010de
CPU 0: 1399 [000010de] new env 000010df
CPU 0: 1409 [000010df] new env 000010e0
CPU 1: 1423 [000010e0] new env 000010e1
CPU 3: 1427 [000010e1] new env 000010e2
CPU 3: 1429 [000010e2] new env 000010e3
CPU 3: 1433 [000010e3] new env 000010e4
CPU 2: 1439 [000010e4] new env 000010e5
CPU 2: 1447 [000010e5] new env 000010e6
CPU 3: 1451 [000010e6] new env 000010e7
CPU 3: 1453 [000010e7] new env 000010e8
CPU 2: 1459 [000010e8] new env 000010e9
CPU 0: 1471 [000010e9] new env 000010ea
CPU 0: 1481 [000010ea] new env 000010eb
CPU 1: 1483 [000010eb] new env 000010ec
CPU 0: 1487 [000010ec] new env 000010ed
CPU 1: 1489 [000010ed] new env 000010ee
CPU 0: 1493 [000010ee] new env 000010ef
CPU 0: 1499 [000010ef] new env 000010f0
CPU 2: 1511 [000010f0] new env 000010f1
CPU 0: 1523 [000010f1] new env 000010f2
CPU 0: 1531 [000010f2] new env 000010f3
CPU 0: 1543 [000010f3] new env 000010f4
CPU 1: 1549 [000010f4] new env 000010f5
CPU 3: 1553 [000010f5] new env 000010f6
CPU 0: 1559 [000010f6] new env 000010f7
CPU 0: 1567 [000010f7] new env 000010f8
CPU 2: 1571 [000010f8] new env 000010f9
CPU 0: 1579 [000010f9] new env 000010fa
CPU 1: 1583 [000010fa] new env 000010fb
CPU 3: 1597 [000010fb] new env 000010fc
CPU 3: 1601 [000010fc] new env 000010fd
CPU 3: 1607 [000010fd] new env 000010fe
CPU 1: 1609 [000010fe] new env 000010ff
CPU 0: 1613 [000010ff] new env 00001100
CPU 3: 1619 [00001100] new env 00001101
CPU 2: 1621 [00001101] new env 00001102
CPU 1: 1627 [00001102] new env 00001103
CPU 0: 1637 [00001103] new env 00001104
CPU 3: 1657 [00001104] new env 00001105
CPU 0: 1663 [00001105] new env 00001106
CPU 3: 1667 [00001106] new env 00001107
CPU 0: 1669 [00001107] new env 00001108
CPU 3: 1693 [00001108] new env 00001109
CPU 3: 1697 [00001109] new env 0000110a
CPU 3: 1699 [0000110a] new env 0000110b
CPU 0: 1709 [0000110b] new env 0000110c
CPU 3: 1721 [0000110c] new env 0000110d
CPU 2: 1723 [0000110d] new env 0000110e
CPU 1: 1733 [0000110e] new env 0000110f
CPU 1: 1741 [0000110f] new env 00001110
CPU 1: 1747 [00001110] new env 00001111
CPU 0: 1753 [00001111] new env 00001112
CPU 1: 1759 [00001112] new env 00001113
CPU 1: 1777 [00001113] new env 00001114
CPU 1: 1783 [00001114] new env 00001115
CPU 2: 1787 [00001115] new env 00001116
CPU 1: 1789 [00001116] new env 00001117
CPU 2: 1801 [00001117] new env 00001118
CPU 2: 1811 [00001118] new env 00001119
CPU 2: 1823 [00001119] new env 0000111a
CPU 3: 1831 [0000111a] new env 0000111b
CPU 0: 1847 [0000111b] new env 0000111c
CPU 2: 1861 [0000111c] new env 0000111d
CPU 0: 1867 [0000111d] new env 0000111e
CPU 1: 1871 [0000111e] new env 0000111f
CPU 1: 1873 [0000111f] new env 00001120
CPU 1: 1877 [00001120] new env 00001121
CPU 2: 1879 [00001121] new env 00001122
CPU 2: 1889 [00001122] new env 00001123
CPU 0: 1901 [00001123] new env 00001124
CPU 3: 1907 [00001124] new env 00001125
CPU 0: 1913 [00001125] new env 00001126
CPU 1: 1931 [00001126] new env 00001127
CPU 2: 1933 [00001127] new env 00001128
CPU 1: 1949 [00001128] new env 00001129
CPU 2: 1951 [00001129] new env 0000112a
CPU 0: 1973 [0000112a] new env 0000112b
CPU 2: 1979 [0000112b] new env 0000112c
CPU 0: 1987 [0000112c] new env 0000112d
CPU 0: 1993 [0000112d] new env 0000112e
CPU 0: 1997 [0000112e] new env 0000112f
CPU 3: 1999 [0000112f] new env 00001130
CPU 0: 2003 [00001130] new env 00001131
CPU 3: 2011 [00001131] new env 00001132
CPU 2: 2017 [00001132] new env 00001133
CPU 3: 2027 [00001133] new env 00001134
CPU 2: 2029 [00001134] new env 00001135
CPU 1: 2039 [00001135] new env 00001136
CPU 0: 2053 [00001136] new env 00001137
CPU 1: 2063 [00001137] new env 00001138
CPU 1: 2069 [00001138] new env 00001139
CPU 1: 2081 [00001139] new env 0000113a
CPU 2: 2083 [0000113a] new env 0000113b
CPU 1: 2087 [0000113b] new env 0000113c
CPU 1: 2089 [0000113c] new env 0000113d
CPU 2: 2099 [0000113d] new env 0000113e
CPU 1: 2111 [0000113e] new env 0000113f
CPU 2: 2113 [0000113f] new env 00001140
CPU 0: 2129 [00001140] new env 00001141
CPU 3: 2131 [00001141] new env 00001142
CPU 0: 2137 [00001142] new env 00001143
CPU 3: 2141 [00001143] new env 00001144
CPU 3: 2143 [00001144] new env 00001145
CPU 0: 2153 [00001145] new env 00001146
CPU 1: 2161 [00001146] new env 00001147
CPU 3: 2179 [00001147] new env 00001148
CPU 1: 2203 [00001148] new env 00001149
CPU 0: 2207 [00001149] new env 0000114a
CPU 0: 2213 [0000114a] new env 0000114b
CPU 1: 2221 [0000114b] new env 0000114c
CPU 0: 2237 [0000114c] new env 0000114d
CPU 1: 2239 [0000114d] new env 0000114e
CPU 3: 2243 [0000114e] new env 0000114f
CPU 3: 2251 [0000114f] new env 00001150
CPU 1: 2267 [00001150] new env 00001151
CPU 2: 2269 [00001151] new env 00001152
CPU 2: 2273 [00001152] new env 00001153
CPU 1: 2281 [00001153] new env 00001154
CPU 0: 2287 [00001154] new env 00001155
CPU 0: 2293 [00001155] new env 00001156
CPU 0: 2297 [00001156] new env 00001157
CPU 0: 2309 [00001157] new env 00001158
CPU 3: 2311 [00001158] new env 00001159
CPU 3: 2333 [00001159] new env 0000115a
CPU 0: 2339 [0000115a] new env 0000115b
CPU 3: 2341 [0000115b] new env 0000115c
CPU 2: 2347 [0000115c] new env 0000115d
CPU 1: 2351 [0000115d] new env 0000115e
CPU 3: 2357 [0000115e] new env 0000115f
CPU 0: 2371 [0000115f] new env 00001160
CPU 2: 2377 [00001160] new env 00001161
CPU 3: 2381 [00001161] new env 00001162
CPU 1: 2383 [00001162] new env 00001163
CPU 0: 2389 [00001163] new env 00001164
CPU 1: 2393 [00001164] new env 00001165
CPU 1: 2399 [00001165] new env 00001166
CPU 0: 2411 [00001166] new env 00001167
CPU 2: 2417 [00001167] new env 00001168
CPU 1: 2423 [00001168] new env 00001169
CPU 0: 2437 [00001169] new env 0000116a
CPU 2: 2441 [0000116a] new env 0000116b
CPU 3: 2447 [0000116b] new env 0000116c
CPU 0: 2459 [0000116c] new env 0000116d
CPU 2: 2467 [0000116d] new env 0000116e
CPU 1: 2473 [0000116e] new env 0000116f
CPU 2: 2477 [0000116f] new env 00001170
CPU 3: 2503 [00001170] new env 00001171
CPU 0: 2521 [00001171] new env 00001172
CPU 2: 2531 [00001172] new env 00001173
CPU 2: 2539 [00001173] new env 00001174
CPU 1: 2543 [00001174] new env 00001175
CPU 0: 2549 [00001175] new env 00001176
CPU 2: 2551 [00001176] new env 00001177
CPU 0: 2557 [00001177] new env 00001178
CPU 3: 2579 [00001178] new env 00001179
CPU 2: 2591 [00001179] new env 0000117a
CPU 3: 2593 [0000117a] new env 0000117b
CPU 2: 2609 [0000117b] new env 0000117c
CPU 3: 2617 [0000117c] new env 0000117d
CPU 3: 2621 [0000117d] new env 0000117e
CPU 2: 2633 [0000117e] new env 0000117f
CPU 2: 2647 [0000117f] new env 00001180
CPU 1: 2657 [00001180] new env 00001181
CPU 0: 2659 [00001181] new env 00001182
CPU 3: 2663 [00001182] new env 00001183
CPU 2: 2671 [00001183] new env 00001184
CPU 2: 2677 [00001184] new env 00001185
CPU 0: 2683 [00001185] new env 00001186
CPU 3: 2687 [00001186] new env 00001187
CPU 0: 2689 [00001187] new env 00001188
CPU 0: 2693 [00001188] new env 00001189
CPU 1: 2699 [00001189] new env 0000118a
CPU 3: 2707 [0000118a] new env 0000118b
CPU 0: 2711 [0000118b] new env 0000118c
CPU 1: 2713 [0000118c] new env 0000118d
CPU 0: 2719 [0000118d] new env 0000118e
CPU 1: 2729 [0000118e] new env 0000118f
CPU 0: 2731 [0000118f] new env 00001190
CPU 3: 2741 [00001190] new env 00001191
CPU 3: 2749 [00001191] new env 00001192
CPU 1: 2753 [00001192] new env 00001193
CPU 3: 2767 [00001193] new env 00001194
CPU 3: 2777 [00001194] new env 00001195
CPU 3: 2789 [00001195] new env 00001196
CPU 2: 2791 [00001196] new env 00001197
CPU 2: 2797 [00001197] new env 00001198
CPU 2: 2801 [00001198] new env 00001199
CPU 1: 2803 [00001199] new env 0000119a
CPU 1: 2819 [0000119a] new env 0000119b
CPU 2: 2833 [0000119b] new env 0000119c
CPU 3: 2837 [0000119c] new env 0000119d
CPU 2: 2843 [0000119d] new env 0000119e
CPU 2: 2851 [0000119e] new env 0000119f
CPU 3: 2857 [0000119f] new env 000011a0
CPU 1: 2861 [000011a0] new env 000011a1
CPU 0: 2879 [000011a1] new env 000011a2
CPU 0: 2887 [000011a2] new env 000011a3
CPU 3: 2897 [000011a3] new env 000011a4
CPU 2: 2903 [000011a4] new env 000011a5
CPU 2: 2909 [000011a5] new env 000011a6
CPU 1: 2917 [000011a6] new env 000011a7
CPU 2: 2927 [000011a7] new env 000011a8
CPU 0: 2939 [000011a8] new env 000011a9
CPU 1: 2953 [000011a9] new env 000011aa
CPU 0: 2957 [000011aa] new env 000011ab
CPU 3: 2963 [000011ab] new env 000011ac
CPU 3: 2969 [000011ac] new env 000011ad
CPU 0: 2971 [000011ad] new env 000011ae
CPU 1: 2999 [000011ae] new env 000011af
CPU 3: 3001 [000011af] new env 000011b0
CPU 1: 3011 [000011b0] new env 000011b1
CPU 1: 3019 [000011b1] new env 000011b2
CPU 3: 3023 [000011b2] new env 000011b3
CPU 2: 3037 [000011b3] new env 000011b4
CPU 0: 3041 [000011b4] new env 000011b5
CPU 2: 3049 [000011b5] new env 000011b6
CPU 3: 3061 [000011b6] new env 000011b7
CPU 1: 3067 [000011b7] new env 000011b8
CPU 1: 3079 [000011b8] new env 000011b9
CPU 2: 3083 [000011b9] new env 000011ba
CPU 1: 3089 [000011ba] new env 000011bb
CPU 3: 3109 [000011bb] new env 000011bc
CPU 0: 3119 [000011bc] new env 000011bd
CPU 2: 3121 [000011bd] new env 000011be
CPU 0: 3137 [000011be] new env 000011bf
CPU 1: 3163 [000011bf] new env 000011c0
CPU 1: 3167 [000011c0] new env 000011c1
CPU 1: 3169 [000011c1] new env 000011c2
CPU 0: 3181 [000011c2] new env 000011c3
CPU 1: 3187 [000011c3] new env 000011c4
CPU 1: 3191 [000011c4] new env 000011c5
CPU 2: 3203 [000011c5] new env 000011c6
CPU 2: 3209 [000011c6] new env 000011c7
CPU 2: 3217 [000011c7] new env 000011c8
CPU 3: 3221 [000011c8] new env 000011c9
CPU 3: 3229 [000011c9] new env 000011ca
CPU 1: 3251 [000011ca] new env 000011cb
CPU 0: 3253 [000011cb] new env 000011cc
CPU 1: 3257 [000011cc] new env 000011cd
CPU 2: 3259 [000011cd] new env 000011ce
CPU 3: 3271 [000011ce] new env 000011cf
CPU 3: 3299 [000011cf] new env 000011d0
CPU 2: 3301 [000011d0] new env 000011d1
CPU 1: 3307 [000011d1] new env 000011d2
CPU 2: 3313 [000011d2] new env 000011d3
CPU 3: 3319 [000011d3] new env 000011d4
CPU 0: 3323 [000011d4] new env 000011d5
CPU 2: 3329 [000011d5] new env 000011d6
CPU 0: 3331 [000011d6] new env 000011d7
CPU 2: 3343 [000011d7] new env 000011d8
CPU 3: 3347 [000011d8] new env 000011d9
CPU 0: 3359 [000011d9] new env 000011da
CPU 2: 3361 [000011da] new env 000011db
qemu: terminating on signal 15 from pid 10376
